<?xml version="1.0" encoding="UTF-8"?>
<testsuite xmlns:xsi="http://www.w3.org/2001/XMLSchema-instance" xsi:noNamespaceSchemaLocation="https://maven.apache.org/surefire/maven-surefire-plugin/xsd/surefire-test-report-3.0.xsd" version="3.0" name="org.jrosales.junit5app.ejemplos.models.CuentaTest$SistemPropertiesTest" time="0.018" tests="6" errors="0" skipped="4" failures="0">
  <properties>
[...]
</properties>
  <testcase name="testDev" classname="org.jrosales.junit5app.ejemplos.models.CuentaTest$SistemPropertiesTest" time="0.0">
    <skipped message="System property [ENV] does not exist"/>
  </testcase>
  <testcase name="testNO64" classname="org.jrosales.junit5app.ejemplos.models.CuentaTest$SistemPropertiesTest" time="0.0">
    <skipped message="System property [os.arch] with value [amd64] does not match regular expression [.*32.*]"/>
  </testcase>
  <testcase name="testUsername" classname="org.jrosales.junit5app.ejemplos.models.CuentaTest$SistemPropertiesTest" time="0.0">
    <skipped message="System property [user.name] with value [HTIJ-ROSALESJJ] does not match regular expression [aguzm]"/>
  </testcase>
  <testcase name="testJavaVersion" classname="org.jrosales.junit5app.ejemplos.models.CuentaTest$SistemPropertiesTest" time="0.0">
    <skipped message="System property [java.version] with value [1.8.0_311] does not match regular expression [.*15.*]"/>
  </testcase>
  <testcase name="imprimirSystemProperties" classname="org.jrosales.junit5app.ejemplos.models.CuentaTest$SistemPropertiesTest" time="0.008">
    <system-out><![CDATA[iniciando el metodo.
sun.cpu.isalist:amd64
sun.desktop:windows
sun.io.unicode.encoding:UnicodeLittle
sun.cpu.endian:little
java.vendor.url.bug:http://bugreport.sun.com/bugreport/
file.separator:\
localRepository:C:\Users\HTIJ-ROSALESJJ\.m2\repository
java.vendor:Oracle Corporation
sun.boot.class.path:C:\Program Files\Java\jdk1.8.0_311\jre\lib\resources.jar;C:\Program Files\Java\jdk1.8.0_311\jre\lib\rt.jar;C:\Program Files\Java\jdk1.8.0_311\jre\lib\sunrsasign.jar;C:\Program Files\Java\jdk1.8.0_311\jre\lib\jsse.jar;C:\Program Files\Java\jdk1.8.0_311\jre\lib\jce.jar;C:\Program Files\Java\jdk1.8.0_311\jre\lib\charsets.jar;C:\Program Files\Java\jdk1.8.0_311\jre\lib\jfr.jar;C:\Program Files\Java\jdk1.8.0_311\jre\classes
java.ext.dirs:C:\Program Files\Java\jdk1.8.0_311\jre\lib\ext;C:\WINDOWS\Sun\Java\lib\ext
java.version:1.8.0_311
java.vm.info:mixed mode
awt.toolkit:sun.awt.windows.WToolkit
user.language:es
java.specification.vendor:Oracle Corporation
sun.java.command:C:\Users\HTIJ-ROSALESJJ\AppData\Local\Temp\surefire4690115470778634483\surefirebooter-20250515102552563_3.jar C:\Users\HTIJ-ROSALESJJ\AppData\Local\Temp\surefire4690115470778634483 2025-05-15T10-25-51_587-jvmRun1 surefire-20250515102552563_1tmp surefire_0-20250515102552563_2tmp
java.home:C:\Program Files\Java\jdk1.8.0_311\jre
sun.arch.data.model:64
java.vm.specification.version:1.8
java.class.path:C:\VS\junit5_app\target\test-classes;C:\VS\junit5_app\target\classes;C:\Users\HTIJ-ROSALESJJ\.m2\repository\org\junit\jupiter\junit-jupiter-api\5.9.2\junit-jupiter-api-5.9.2.jar;C:\Users\HTIJ-ROSALESJJ\.m2\repository\org\opentest4j\opentest4j\1.2.0\opentest4j-1.2.0.jar;C:\Users\HTIJ-ROSALESJJ\.m2\repository\org\junit\platform\junit-platform-commons\1.9.2\junit-platform-commons-1.9.2.jar;C:\Users\HTIJ-ROSALESJJ\.m2\repository\org\apiguardian\apiguardian-api\1.1.2\apiguardian-api-1.1.2.jar;C:\Users\HTIJ-ROSALESJJ\.m2\repository\org\junit\jupiter\junit-jupiter-engine\5.9.2\junit-jupiter-engine-5.9.2.jar;C:\Users\HTIJ-ROSALESJJ\.m2\repository\org\junit\platform\junit-platform-engine\1.9.2\junit-platform-engine-1.9.2.jar;C:\Users\HTIJ-ROSALESJJ\.m2\repository\org\junit\jupiter\junit-jupiter-params\5.9.2\junit-jupiter-params-5.9.2.jar;
user.name:HTIJ-ROSALESJJ
file.encoding:Cp1252
java.specification.version:1.8
java.awt.printerjob:sun.awt.windows.WPrinterJob
user.timezone:America/Los_Angeles
user.home:C:\Users\HTIJ-ROSALESJJ
os.version:10.0
sun.management.compiler:HotSpot 64-Bit Tiered Compilers
java.specification.name:Java Platform API Specification
java.class.version:52.0
surefire.test.class.path:C:\VS\junit5_app\target\test-classes;C:\VS\junit5_app\target\classes;C:\Users\HTIJ-ROSALESJJ\.m2\repository\org\junit\jupiter\junit-jupiter-api\5.9.2\junit-jupiter-api-5.9.2.jar;C:\Users\HTIJ-ROSALESJJ\.m2\repository\org\opentest4j\opentest4j\1.2.0\opentest4j-1.2.0.jar;C:\Users\HTIJ-ROSALESJJ\.m2\repository\org\junit\platform\junit-platform-commons\1.9.2\junit-platform-commons-1.9.2.jar;C:\Users\HTIJ-ROSALESJJ\.m2\repository\org\apiguardian\apiguardian-api\1.1.2\apiguardian-api-1.1.2.jar;C:\Users\HTIJ-ROSALESJJ\.m2\repository\org\junit\jupiter\junit-jupiter-engine\5.9.2\junit-jupiter-engine-5.9.2.jar;C:\Users\HTIJ-ROSALESJJ\.m2\repository\org\junit\platform\junit-platform-engine\1.9.2\junit-platform-engine-1.9.2.jar;C:\Users\HTIJ-ROSALESJJ\.m2\repository\org\junit\jupiter\junit-jupiter-params\5.9.2\junit-jupiter-params-5.9.2.jar;
java.library.path:C:\Program Files\Java\jdk1.8.0_311\jre\bin;C:\WINDOWS\Sun\Java\bin;C:\WINDOWS\system32;C:\WINDOWS;C:\Program Files\Java\jdk1.8.0_311\bin;C:\IDES\Maven\apache-maven-3.9.5-bin\apache-maven-3.9.5\bin;C:\ProgramData\Oracle\Java\javapath;C:\Program Files (x86)\Common Files\Oracle\Java\javapath;C:\WINDOWS\system32;C:\WINDOWS;C:\WINDOWS\System32\Wbem;C:\WINDOWS\System32\WindowsPowerShell\v1.0\;C:\WINDOWS\System32\OpenSSH\;C:\PROGRA~2\IBM\CLIENT~1;C:\PROGRA~2\IBM\CLIENT~1\Shared;C:\PROGRA~2\IBM\CLIENT~1\Emulator;C:\Program Files\Intel\WiFi\bin\;C:\Program Files\Common Files\Intel\WirelessCommon\;C:\Program Files (x86)\Intel\Intel(R) Management Engine Components\DAL;C:\Program Files\Intel\Intel(R) Management Engine Components\DAL;C:\Program Files\Git\cmd;C:\Users\HTIJ-ROSALESJJ\AppData\Local\Microsoft\WindowsApps;C:\Users\HTIJ-ROSALESJJ\AppData\Local\Programs\Microsoft VS Code\bin;c:\Users\HTIJ-ROSALESJJ\AppData\Roaming\Code\User\globalStorage\github.copilot-chat\debugCommand;.
sun.jnu.encoding:Cp1252
os.name:Windows 10
user.variant:
java.vm.specification.vendor:Oracle Corporation
java.io.tmpdir:C:\Users\HTIJ-R~1\AppData\Local\Temp\
line.separator:

surefire.real.class.path:C:\Users\HTIJ-ROSALESJJ\AppData\Local\Temp\surefire4690115470778634483\surefirebooter-20250515102552563_3.jar
java.endorsed.dirs:C:\Program Files\Java\jdk1.8.0_311\jre\lib\endorsed
os.arch:amd64
basedir:C:\VS\junit5_app
java.awt.graphicsenv:sun.awt.Win32GraphicsEnvironment
java.runtime.version:1.8.0_311-b11
java.vm.specification.name:Java Virtual Machine Specification
user.dir:C:\VS\junit5_app
user.country:MX
user.script:
sun.java.launcher:SUN_STANDARD
sun.os.patch.level:
java.vm.name:Java HotSpot(TM) 64-Bit Server VM
file.encoding.pkg:sun.io
path.separator:;
java.vm.vendor:Oracle Corporation
java.vendor.url:http://java.oracle.com/
sun.boot.library.path:C:\Program Files\Java\jdk1.8.0_311\jre\bin
java.vm.version:25.311-b11
java.runtime.name:Java(TM) SE Runtime Environment
finalizando el metodo de prueba.
]]></system-out>
  </testcase>
  <testcase name="testSolo64" classname="org.jrosales.junit5app.ejemplos.models.CuentaTest$SistemPropertiesTest" time="0.002">
    <system-out><![CDATA[iniciando el metodo.
finalizando el metodo de prueba.
]]></system-out>
  </testcase>
</testsuite>